Arguments: 
  C:\Program Files\nodejs\node.exe C:\Users\Saul\AppData\Roaming\npm\node_modules\yarn\bin\yarn.js add https://github.com/mishoo/UglifyJS2/tree/harmony --dev

PATH: 
  C:\Program Files (x86)\Razer Chroma SDK\bin;C:\Program Files\Razer Chroma SDK\bin;C:\Windows\system32;C:\Windows;C:\Windows\System32\Wbem;C:\Windows\System32\WindowsPowerShell\v1.0\;C:\Program Files (x86)\NVIDIA Corporation\PhysX\Common;C:\Users\Administrator\AppData\Local\Microsoft\WindowsApps;C:\Program Files\nodejs\;C:\Users\Saul\AppData\Local\Microsoft\WindowsApps;C:\Users\Saul\AppData\Roaming\npm;C:\Users\Saul\AppData\Local\atom\bin;C:\Users\Saul\AppData\Local\.meteor\

Yarn version: 
  0.19.1

Node version: 
  6.9.4

Platform: 
  win32 x64

npm manifest: 
  {
    "name": "pwa",
    "version": "1.0.0",
    "description": "My first attempt at PWA",
    "main": "index.js",
    "scripts": {
      "build": "webpack --config=webpack.prod.js -p",
      "test": "jest",
      "start": "webpack-dev-server"
    },
    "private": true,
    "author": "Saul Flores",
    "license": "MIT",
    "devDependencies": {
      "babel-core": "^6.22.1",
      "babel-loader": "^6.2.10",
      "babel-plugin-transform-es2015-modules-commonjs": "^6.22.0",
      "babel-preset-react": "^6.22.0",
      "clean-webpack-plugin": "^0.1.15",
      "css-loader": "^0.26.1",
      "enzyme": "^2.7.1",
      "enzyme-to-json": "^1.4.5",
      "extract-text-webpack-plugin": "2.0.0-rc.2",
      "html-webpack-plugin": "^2.26.0",
      "identity-obj-proxy": "^3.0.0",
      "jest": "^18.1.0",
      "normalize.css": "^5.0.0",
      "react": "^15.4.2",
      "react-addons-test-utils": "^15.4.2",
      "react-dom": "^15.4.2",
      "react-router": "4.0.0-alpha.6",
      "standard": "^8.6.0",
      "standard-loader": "^5.0.0",
      "style-loader": "^0.13.1",
      "surge": "^0.18.0",
      "uglifyjs-webpack-plugin": "^0.1.4",
      "webpack": "2.2.0-rc.4",
      "webpack-dev-server": "^1.16.2"
    },
    "jest": {
      "collectCoverageFrom": [
        "src/**/*.js"
      ],
      "coverageThreshold": {
        "global": {
          "branches": 50,
          "functions": 50,
          "lines": 50,
          "statements": 50
        }
      },
      "moduleNameMapper": {
        "\\.css$": "identity-obj-proxy"
      }
    }
  }

yarn manifest: 
  No manifest

Lockfile: 
  No lockfile

Trace: 
  Error: https://github.com/mishoo/UglifyJS2/tree/harmony: invalid tar file
      at Extract.Parse._startEntry (C:\Users\Saul\AppData\Roaming\npm\node_modules\yarn\node_modules\tar\lib\parse.js:149:13)
      at Extract.Parse._process (C:\Users\Saul\AppData\Roaming\npm\node_modules\yarn\node_modules\tar\lib\parse.js:131:12)
      at BlockStream.<anonymous> (C:\Users\Saul\AppData\Roaming\npm\node_modules\yarn\node_modules\tar\lib\parse.js:47:8)
      at emitOne (events.js:96:13)
      at BlockStream.emit (events.js:188:7)
      at BlockStream._emitChunk (C:\Users\Saul\AppData\Roaming\npm\node_modules\yarn\node_modules\block-stream\block-stream.js:145:10)
      at BlockStream.write (C:\Users\Saul\AppData\Roaming\npm\node_modules\yarn\node_modules\block-stream\block-stream.js:45:10)
      at Extract.Parse.write (C:\Users\Saul\AppData\Roaming\npm\node_modules\yarn\node_modules\tar\lib\parse.js:81:23)
      at UnpackStream.ondata (_stream_readable.js:555:20)
      at emitOne (events.js:96:13)
